2025-04-04 04:04:54.014397 - Received CBT.V508.FILE1040.PDS from FILE1040.XMI 
2025-04-04 04:04:54.016102 - Found $$$#DATE.txt (text/plain) in CBT.V508.FILE1040.PDS, moved to PDS/$$$#DATE
2025-04-04 04:04:54.016244 - Found #INDEX.txt (text/plain) in CBT.V508.FILE1040.PDS, moved to PDS/#INDEX
2025-04-04 04:04:54.016379 - Found @@README.txt (text/plain) in CBT.V508.FILE1040.PDS, moved to PDS/@@README
2025-04-04 04:04:54.016583 - Found @FIL1040.txt (text/plain) in CBT.V508.FILE1040.PDS, moved to PDS/@FIL1040
2025-04-04 04:04:54.016701 - Found @PLIEXMP.txt (text/plain) in CBT.V508.FILE1040.PDS, moved to PDS/@PLIEXMP
2025-04-04 04:04:54.016822 - Found ADDXREF.rexx (text/plain) in CBT.V508.FILE1040.PDS, moved to PDS/ADDXREF
2025-04-04 04:04:54.017069 - Found ALLPLIB.rexx (text/plain) in CBT.V508.FILE1040.PDS, moved to PDS/ALLPLIB
2025-04-04 04:04:54.017217 - Found CALLEDBY.rexx (text/plain) in CBT.V508.FILE1040.PDS, moved to PDS/CALLEDBY
2025-04-04 04:04:54.017376 - Found COMBINE.rexx (text/plain) in CBT.V508.FILE1040.PDS, moved to PDS/COMBINE
2025-04-04 04:04:54.017504 - Found COMPARM.rexx (text/plain) in CBT.V508.FILE1040.PDS, moved to PDS/COMPARM
2025-04-04 04:04:54.017634 - Found COMPDT.rexx (text/plain) in CBT.V508.FILE1040.PDS, moved to PDS/COMPDT
2025-04-04 04:04:54.017754 - Found COMPILE.rexx (text/plain) in CBT.V508.FILE1040.PDS, moved to PDS/COMPILE
2025-04-04 04:04:54.017908 - Found COMPSTAT.rexx (text/plain) in CBT.V508.FILE1040.PDS, moved to PDS/COMPSTAT
2025-04-04 04:04:54.018081 - Found DENUM.rexx (text/plain) in CBT.V508.FILE1040.PDS, moved to PDS/DENUM
2025-04-04 04:04:54.018201 - Found ELEMENTS.rexx (text/plain) in CBT.V508.FILE1040.PDS, moved to PDS/ELEMENTS
2025-04-04 04:04:54.018325 - Found ELEMLEN.rexx (text/plain) in CBT.V508.FILE1040.PDS, moved to PDS/ELEMLEN
2025-04-04 04:04:54.018463 - Found ENTCOMM.rexx (text/plain) in CBT.V508.FILE1040.PDS, moved to PDS/ENTCOMM
2025-04-04 04:04:54.018611 - Found IOSTMT.rexx (text/plain) in CBT.V508.FILE1040.PDS, moved to PDS/IOSTMT
2025-04-04 04:04:54.018724 - Found LCOMM.rexx (text/plain) in CBT.V508.FILE1040.PDS, moved to PDS/LCOMM
2025-04-04 04:04:54.018889 - Found ONEPERLN.rexx (text/plain) in CBT.V508.FILE1040.PDS, moved to PDS/ONEPERLN
2025-04-04 04:04:54.019021 - Found PARSEDCL.rexx (text/plain) in CBT.V508.FILE1040.PDS, moved to PDS/PARSEDCL
2025-04-04 04:04:54.019147 - Found PGFS.rexx (text/plain) in CBT.V508.FILE1040.PDS, moved to PDS/PGFS
2025-04-04 04:04:54.019306 - Found PLIFLOW.bin (application/octet-stream) in CBT.V508.FILE1040.PDS, moved to PDS/PLIFLOW
2025-04-04 04:04:54.019426 - Found PLILBLS.rexx (text/plain) in CBT.V508.FILE1040.PDS, moved to PDS/PLILBLS
2025-04-04 04:04:54.019543 - Found PLIMSGE.rexx (text/plain) in CBT.V508.FILE1040.PDS, moved to PDS/PLIMSGE
2025-04-04 04:04:54.019686 - Found PLIMSGO.rexx (text/plain) in CBT.V508.FILE1040.PDS, moved to PDS/PLIMSGO
2025-04-04 04:04:54.019819 - Found PLIMSGS.rexx (text/plain) in CBT.V508.FILE1040.PDS, moved to PDS/PLIMSGS
2025-04-04 04:04:54.019932 - Found PLINIT.rexx (text/plain) in CBT.V508.FILE1040.PDS, moved to PDS/PLINIT
2025-04-04 04:04:54.020058 - Found PLIPARA.rexx (text/plain) in CBT.V508.FILE1040.PDS, moved to PDS/PLIPARA
2025-04-04 04:04:54.020181 - Found PLIPOS.rexx (text/plain) in CBT.V508.FILE1040.PDS, moved to PDS/PLIPOS
2025-04-04 04:04:54.020302 - Found PLISKIP.rexx (text/plain) in CBT.V508.FILE1040.PDS, moved to PDS/PLISKIP
2025-04-04 04:04:54.020462 - Found PLIXREF.rexx (text/plain) in CBT.V508.FILE1040.PDS, moved to PDS/PLIXREF
2025-04-04 04:04:54.020578 - Found PLIXREFE.rexx (text/plain) in CBT.V508.FILE1040.PDS, moved to PDS/PLIXREFE
2025-04-04 04:04:54.020692 - Found PLIXREFO.rexx (text/plain) in CBT.V508.FILE1040.PDS, moved to PDS/PLIXREFO
2025-04-04 04:04:54.020815 - Found QIO.rexx (text/x-Algol68) in CBT.V508.FILE1040.PDS, moved to PDS/QIO
2025-04-04 04:04:54.020928 - Found QJAM.rexx (text/plain) in CBT.V508.FILE1040.PDS, moved to PDS/QJAM
2025-04-04 04:04:54.021039 - Found QSQL.rexx (text/plain) in CBT.V508.FILE1040.PDS, moved to PDS/QSQL
2025-04-04 04:04:54.021153 - Found SEGMENT.rexx (text/plain) in CBT.V508.FILE1040.PDS, moved to PDS/SEGMENT
2025-04-04 04:04:54.021282 - Found SHORTPG.rexx (text/plain) in CBT.V508.FILE1040.PDS, moved to PDS/SHORTPG
2025-04-04 04:04:54.021408 - Found SLICKIO.rexx (text/plain) in CBT.V508.FILE1040.PDS, moved to PDS/SLICKIO
2025-04-04 04:04:54.021520 - Found SPLITDO.rexx (text/plain) in CBT.V508.FILE1040.PDS, moved to PDS/SPLITDO
2025-04-04 04:04:54.021629 - Found TRIMPLI.rexx (text/plain) in CBT.V508.FILE1040.PDS, moved to PDS/TRIMPLI
2025-04-04 04:04:54.021736 - Found WHATINC.rexx (text/plain) in CBT.V508.FILE1040.PDS, moved to PDS/WHATINC
